[19:42:39] [main/INFO] (Launcher) ModLauncher running: args [--launchTarget, forgeclientuserdev, --version, 21.2.0-beta, --assetIndex, 1.21.2-18, --assetsDir, C:\Users\Ray\.gradle\caches\fabric-loom\assets, --gameDir, ., --fml.neoForgeVersion, 21.2.0-beta, --fml.fmlVersion, 4.0.29, --fml.mcVersion, 1.21.2, --fml.neoFormVersion, 20241022.151510]
[19:42:39] [main/INFO] (Launcher) JVM identified as Eclipse Adoptium OpenJDK 64-Bit Server VM 21.0.9+10-LTS
[19:42:39] [main/INFO] (Launcher) ModLauncher 11.0.4+main.d2e20e43 starting: java version 21.0.9 by Eclipse Adoptium; OS Windows 10 arch amd64 version 10.0
[19:42:39] [main/INFO] (unprotect) Initializing Unprotect using ModLauncher backend, target: Minecraft and loader classes (minecraft+forge)
[19:42:39] [main/WARN] (FMLConfig) Configuration file C:\Users\Ray\Documents\ModDevNew\HologramAPI\neoforge\run\config\fml.toml is not correct. Correcting
[19:42:39] [main/INFO] (FMLConfig) Incorrect key [dependencyOverrides] was corrected from SynchronizedConfig{DataHolder:{}} to null
[19:42:39] [main/INFO] (ImmediateWindowHandler) Loading ImmediateWindowProvider fmlearlywindow
[19:42:40] [main/INFO] (EARLYDISPLAY) Trying GL version 4.6
[19:42:40] [main/INFO] (EARLYDISPLAY) Requested GL version 4.6 got version 4.6
[19:42:40] [main/INFO] (mixin) SpongePowered MIXIN Subsystem Version=0.8.7 Source=union:/C:/Users/Ray/.gradle/caches/modules-2/files-2.1/net.fabricmc/sponge-mixin/0.15.2+mixin.0.8.7/2af2f021d8e02a0220dc27a7a72b4666d66d44ca/sponge-mixin-0.15.2+mixin.0.8.7.jar%23135!/ Service=ModLauncher Env=CLIENT
[19:42:40] [main/INFO] (ModDiscoverer) Found mod file "neoforge-21.2.0-beta-minecraft-merged-1.21.2-loom.mappings.1_21_2.layered+hash.40359-v2-neoforge-21.2.0-beta.jar" [locator: neoforge devenv provider ([C:\Users\Ray\.gradle\caches\fabric-loom\minecraftMaven\net\minecraft\neoforge-21.2.0-beta-minecraft-merged\1.21.2-loom.mappings.1_21_2.layered+hash.40359-v2-neoforge-21.2.0-beta\neoforge-21.2.0-beta-minecraft-merged-1.21.2-loom.mappings.1_21_2.layered+hash.40359-v2-neoforge-21.2.0-beta.jar])]
[19:42:40] [main/INFO] (ModDiscoverer) Found mod file "neoforge-21.2.0-beta-minecraft-merged-1.21.2-loom.mappings.1_21_2.layered+hash.40359-v2-neoforge-21.2.0-beta.jar" [locator: neoforge devenv provider ([C:\Users\Ray\.gradle\caches\fabric-loom\minecraftMaven\net\minecraft\neoforge-21.2.0-beta-minecraft-merged\1.21.2-loom.mappings.1_21_2.layered+hash.40359-v2-neoforge-21.2.0-beta\neoforge-21.2.0-beta-minecraft-merged-1.21.2-loom.mappings.1_21_2.layered+hash.40359-v2-neoforge-21.2.0-beta.jar])]
[19:42:40] [main/INFO] (ModDiscoverer) Found mod file "main" [locator: userdev mods and services, reader: mod manifest]
[19:42:40] [main/INFO] (ModDiscoverer) Found mod file "neoforge-21.2.0-beta-minecraft-merged-1.21.2-loom.mappings.1_21_2.layered+hash.40359-v2-neoforge-21.2.0-beta.jar" [locator: userdev mods and services, reader: mod manifest]
[19:42:40] [main/INFO] (ModDiscoverer) Found mod file "11026719848411267364.jar" [locator: userdev mods and services, reader: mod manifest]
[19:42:40] [pool-5-thread-1/INFO] (EARLYDISPLAY) GL info: NVIDIA GeForce RTX 2060/PCIe/SSE2 GL version 4.6.0 NVIDIA 591.74, NVIDIA Corporation
[19:42:40] [main/INFO] (ModDiscoverer) Found gamelibrary file "mixinextras-neoforge-0.4.1.jar" [locator: userdev mods and services, reader: mod manifest]
[19:42:40] [main/WARN] (JarSelector) Attempted to select a dependency jar for JarJar which was passed in as source: mixinextras-neoforge-0.4.1.jar. Using Mod File: C:\Users\Ray\.gradle\caches\modules-2\files-2.1\io.github.llamalad7\mixinextras-neoforge\0.4.1\eff97772ecd0dcf8e52cdbafd3b3ccec425f8314\mixinextras-neoforge-0.4.1.jar
[19:42:40] [main/INFO] (JarInJarDependencyLocator) Found 1 dependencies adding them to mods collection
[19:42:40] [main/INFO] (ModDiscoverer) Found library file "neoforge-coremods-21.2.0-beta.jar" [parent: neoforge-21.2.0-beta-minecraft-merged-1.21.2-loom.mappings.1_21_2.layered+hash.40359-v2-neoforge-21.2.0-beta.jar, locator: jarinjar, reader: mod manifest]
[19:42:40] [main/INFO] (ModDiscoverer) 
     Mod List:
		Name Version (Mod Id)

		generated_a526241 1 (generated_a526241)
		Hologram API 1.0.0 (hologram_api)
		Minecraft 1.21.2 (minecraft)
		NeoForge 21.2.0-beta (neoforge)
[19:42:41] [main/INFO] (mixin) Compatibility level set to JAVA_21
[19:42:41] [main/INFO] (LaunchServiceHandler) Launching target 'forgeclientuserdev' with arguments [--version, 21.2.0-beta, --gameDir, ., --assetsDir, C:\Users\Ray\.gradle\caches\fabric-loom\assets, --assetIndex, 1.21.2-18]
[19:42:41] [main/INFO] (unprotect) Found 8710 Minecraft classes
[26Jan2026 19:42:43.438] [Datafixer Bootstrap/INFO] [com.mojang.datafixers.DataFixerBuilder/]: 239 Datafixer optimizations took 291 milliseconds
[26Jan2026 19:42:43.901] [main/WARN] [oshi.driver.windows.perfmon.PerfmonDisabled/]: Invalid registry value type detected for PerfOS counters. Should be REG_DWORD. Ignoring: HKEY_LOCAL_MACHINE\SYSTEM\CurrentControlSet\Services\PerfOS\Performance\Disable Performance Counters.
[26Jan2026 19:42:43.942] [pool-11-thread-1/INFO] [MixinExtras|Service/]: Initializing MixinExtras via com.llamalad7.mixinextras.service.MixinExtrasServiceImpl(version=0.4.1).
[26Jan2026 19:42:49.714] [main/WARN] [net.minecraft.commands.Commands/]: Ambiguity between arguments [teleport, location] and [teleport, destination] with inputs: [0.1 -0.5 .9, 0 0 0]
[26Jan2026 19:42:49.715] [main/WARN] [net.minecraft.commands.Commands/]: Ambiguity between arguments [teleport, location] and [teleport, targets] with inputs: [0.1 -0.5 .9, 0 0 0]
[26Jan2026 19:42:49.719] [main/WARN] [net.minecraft.commands.Commands/]: Ambiguity between arguments [teleport, destination] and [teleport, targets] with inputs: [Player, 0123, @e, dd12be42-52a9-4a91-a8a1-11c01849e498]
[26Jan2026 19:42:49.720] [main/WARN] [net.minecraft.commands.Commands/]: Ambiguity between arguments [teleport, targets] and [teleport, destination] with inputs: [Player, 0123, dd12be42-52a9-4a91-a8a1-11c01849e498]
[26Jan2026 19:42:49.722] [main/WARN] [net.minecraft.commands.Commands/]: Ambiguity between arguments [teleport, targets, location] and [teleport, targets, destination] with inputs: [0.1 -0.5 .9, 0 0 0]
[26Jan2026 19:42:49.856] [Render thread/WARN] [net.minecraft.server.packs.VanillaPackResourcesBuilder/]: Assets URL 'union:/C:/Users/Ray/.gradle/caches/fabric-loom/minecraftMaven/net/minecraft/neoforge-21.2.0-beta-minecraft-merged/1.21.2-loom.mappings.1_21_2.layered+hash.40359-v2-neoforge-21.2.0-beta/neoforge-21.2.0-beta-minecraft-merged-1.21.2-loom.mappings.1_21_2.layered+hash.40359-v2-neoforge-21.2.0-beta.jar%23219!/assets/.mcassetsroot' uses unexpected schema
[26Jan2026 19:42:49.856] [Render thread/WARN] [net.minecraft.server.packs.VanillaPackResourcesBuilder/]: Assets URL 'union:/C:/Users/Ray/.gradle/caches/fabric-loom/minecraftMaven/net/minecraft/neoforge-21.2.0-beta-minecraft-merged/1.21.2-loom.mappings.1_21_2.layered+hash.40359-v2-neoforge-21.2.0-beta/neoforge-21.2.0-beta-minecraft-merged-1.21.2-loom.mappings.1_21_2.layered+hash.40359-v2-neoforge-21.2.0-beta.jar%23219!/data/.mcassetsroot' uses unexpected schema
[26Jan2026 19:42:49.892] [Render thread/INFO] [com.mojang.authlib.yggdrasil.YggdrasilAuthenticationService/]: Environment: Environment[sessionHost=https://sessionserver.mojang.com, servicesHost=https://api.minecraftservices.com, name=PROD]
[26Jan2026 19:42:49.904] [Render thread/INFO] [net.minecraft.client.Minecraft/]: Setting user: Dev
[26Jan2026 19:42:49.991] [Render thread/INFO] [net.minecraft.client.Minecraft/]: Backend library: LWJGL version 3.3.3+5
[26Jan2026 19:42:54.344] [modloading-worker-0/INFO] [net.neoforged.neoforge.common.NeoForgeMod/NEOFORGE-MOD]: NeoForge mod loading, version 21.2.0-beta, for MC 1.21.2
[26Jan2026 19:42:54.655] [modloading-sync-worker/WARN] [net.neoforged.fml.config.ConfigTracker/CONFIG]: Configuration file C:\Users\Ray\Documents\ModDevNew\HologramAPI\neoforge\run\config\neoforge-client.toml is not correct. Correcting
[26Jan2026 19:42:54.670] [modloading-sync-worker/WARN] [net.neoforged.fml.config.ConfigTracker/CONFIG]: Configuration file C:\Users\Ray\Documents\ModDevNew\HologramAPI\neoforge\run\config\neoforge-common.toml is not correct. Correcting
[26Jan2026 19:42:55.152] [Render thread/INFO] [net.neoforged.neoforge.gametest.GameTestHooks/]: Enabled Gametest Namespaces: []
[26Jan2026 19:42:55.348] [Render thread/INFO] [net.minecraft.server.packs.resources.ReloadableResourceManager/]: Reloading ResourceManager: vanilla, mod_resources, mod/hologram_api, mod/generated_a526241, mod/neoforge
[26Jan2026 19:42:55.482] [resourceLoad/INFO] [net.minecraft.client.gui.font.providers.UnihexProvider/]: Found unifont_all_no_pua-15.1.05.hex, loading
[26Jan2026 19:42:55.615] [resourceLoad/INFO] [net.minecraft.client.gui.font.providers.UnihexProvider/]: Found unifont_jp_patch-15.1.05.hex, loading
[26Jan2026 19:42:56.576] [resourceLoad/WARN] [net.minecraft.client.resources.model.ModelManager/]: Missing textures in model neoforge:bucket_milk#inventory:
    minecraft:textures/atlas/blocks.png:neoforge:items/bucket_base
    minecraft:textures/atlas/blocks.png:neoforge:items/bucket_cover
    minecraft:textures/atlas/blocks.png:neoforge:items/bucket_fluid
[26Jan2026 19:42:57.039] [Render thread/WARN] [net.minecraft.client.sounds.SoundEngine/]: Missing sound for event: minecraft:block.spawner.fall
[26Jan2026 19:42:57.118] [Render thread/INFO] [com.mojang.blaze3d.audio.Library/]: OpenAL initialized on device OpenAL Soft on Headphones (Baseus Bass BP1 Pro Stereo)
[26Jan2026 19:42:57.119] [Render thread/INFO] [net.minecraft.client.sounds.SoundEngine/SOUNDS]: Sound engine started
[26Jan2026 19:42:57.226] [Render thread/INFO] [net.minecraft.client.renderer.texture.TextureAtlas/]: Created: 1024x512x4 minecraft:textures/atlas/blocks.png-atlas
[26Jan2026 19:42:57.238] [Render thread/INFO] [net.minecraft.client.renderer.texture.TextureAtlas/]: Created: 256x256x4 minecraft:textures/atlas/signs.png-atlas
[26Jan2026 19:42:57.239] [Render thread/INFO] [net.minecraft.client.renderer.texture.TextureAtlas/]: Created: 512x512x4 minecraft:textures/atlas/shield_patterns.png-atlas
[26Jan2026 19:42:57.239] [Render thread/INFO] [net.minecraft.client.renderer.texture.TextureAtlas/]: Created: 512x512x4 minecraft:textures/atlas/banner_patterns.png-atlas
[26Jan2026 19:42:57.240] [Render thread/INFO] [net.minecraft.client.renderer.texture.TextureAtlas/]: Created: 1024x1024x4 minecraft:textures/atlas/armor_trims.png-atlas
[26Jan2026 19:42:57.246] [Render thread/INFO] [net.minecraft.client.renderer.texture.TextureAtlas/]: Created: 128x64x4 minecraft:textures/atlas/decorated_pot.png-atlas
[26Jan2026 19:42:57.247] [Render thread/INFO] [net.minecraft.client.renderer.texture.TextureAtlas/]: Created: 256x256x4 minecraft:textures/atlas/chest.png-atlas
[26Jan2026 19:42:57.247] [Render thread/INFO] [net.minecraft.client.renderer.texture.TextureAtlas/]: Created: 512x256x4 minecraft:textures/atlas/shulker_boxes.png-atlas
[26Jan2026 19:42:57.248] [Render thread/INFO] [net.minecraft.client.renderer.texture.TextureAtlas/]: Created: 512x256x4 minecraft:textures/atlas/beds.png-atlas
[26Jan2026 19:42:57.345] [Render thread/INFO] [net.minecraft.client.renderer.texture.TextureAtlas/]: Created: 64x64x0 minecraft:textures/atlas/map_decorations.png-atlas
[26Jan2026 19:42:57.474] [Render thread/INFO] [net.minecraft.client.renderer.texture.TextureAtlas/]: Created: 512x256x0 minecraft:textures/atlas/particles.png-atlas
[26Jan2026 19:42:57.475] [Render thread/INFO] [net.minecraft.client.renderer.texture.TextureAtlas/]: Created: 512x256x0 minecraft:textures/atlas/paintings.png-atlas
[26Jan2026 19:42:57.475] [Render thread/INFO] [net.minecraft.client.renderer.texture.TextureAtlas/]: Created: 256x128x0 minecraft:textures/atlas/mob_effects.png-atlas
[26Jan2026 19:42:57.475] [Render thread/INFO] [net.minecraft.client.renderer.texture.TextureAtlas/]: Created: 1024x512x0 minecraft:textures/atlas/gui.png-atlas
[26Jan2026 19:42:57.484] [Render thread/INFO] [net.neoforged.neoforge.client.entity.animation.json.AnimationLoader/]: Loaded 0 entity animations
[26Jan2026 19:43:20.231] [Render thread/INFO] [net.minecraft.world.item.crafting.RecipeManager/]: Loaded 1337 recipes
[26Jan2026 19:43:20.245] [Render thread/INFO] [net.minecraft.advancements.AdvancementTree/]: Loaded 1448 advancements
[26Jan2026 19:43:23.903] [Render thread/INFO] [net.minecraft.client.Minecraft/]: Stopping!
