[Architectury Transformer] Architectury Runtime 5.2.87
[Architectury Transformer DEBUG] Closed File Systems for C:\Users\Ray\Documents\ModDevNew\HologramAPI\common\build\devlibs\hologram_api-common-1.1.0-dev.jar
[Architectury Transformer DEBUG] Preparing tiny remapper prepared transformer: dev.architectury.transformer.handler.TinyRemapperPreparedTransformerHandler
[Architectury Transformer DEBUG] Provided 121 classpath jar(s):
[Architectury Transformer DEBUG]  - C:\Users\Ray\.gradle\caches\modules-2\files-2.1\dev.architectury\architectury-injectables\1.0.10\62db2a366d662606d1b23ad02ccc3212ed37ec3\architectury-injectables-1.0.10.jar
[Architectury Transformer DEBUG]  - C:\Users\Ray\.gradle\caches\modules-2\files-2.1\net.fabricmc\fabric-loader\0.18.4\dc4682125d5db647d6ce80a98b98945835adcd4b\fabric-loader-0.18.4.jar
[Architectury Transformer DEBUG]  - C:\Users\Ray\.gradle\caches\modules-2\files-2.1\org.jetbrains\annotations\26.0.2\c7ce3cdeda3d18909368dfe5977332dfad326c6d\annotations-26.0.2.jar
[Architectury Transformer DEBUG]  - C:\Users\Ray\.gradle\caches\modules-2\files-2.1\org.ow2.asm\asm\9.9\c29635c8a7afa03d74b33c1884df8abb2b3f3dcc\asm-9.9.jar
[Architectury Transformer DEBUG]  - C:\Users\Ray\.gradle\caches\modules-2\files-2.1\org.ow2.asm\asm-analysis\9.9\bf4fa6e66638851c1cd22c2caea0c3ee5d5f437\asm-analysis-9.9.jar
[Architectury Transformer DEBUG]  - C:\Users\Ray\.gradle\caches\modules-2\files-2.1\org.ow2.asm\asm-commons\9.9\db9165a3bf908ded6b08612d583a15d1d0c7bda0\asm-commons-9.9.jar
[Architectury Transformer DEBUG]  - C:\Users\Ray\.gradle\caches\modules-2\files-2.1\org.ow2.asm\asm-tree\9.9\f8de6eead6d24dd0f45bd065bbe112b2cda6ea21\asm-tree-9.9.jar
[Architectury Transformer DEBUG]  - C:\Users\Ray\.gradle\caches\modules-2\files-2.1\org.ow2.asm\asm-util\9.9\42fdfc0508b43807c8078d6e82ecff2ce2112ae8\asm-util-9.9.jar
[Architectury Transformer DEBUG]  - C:\Users\Ray\.gradle\caches\modules-2\files-2.1\net.fabricmc\sponge-mixin\0.17.0+mixin.0.8.7\cf31463202f72d03b0ef1e1e38e8ee71b7faaab6\sponge-mixin-0.17.0+mixin.0.8.7.jar
[Architectury Transformer DEBUG]  - C:\Users\Ray\.gradle\caches\modules-2\files-2.1\io.github.llamalad7\mixinextras-fabric\0.5.0\91a83dfb7abd320f6236bd1fcf5c0ff143d59a13\mixinextras-fabric-0.5.0.jar
[Architectury Transformer DEBUG]  - C:\Users\Ray\.gradle\caches\modules-2\files-2.1\com.fasterxml.jackson.core\jackson-annotations\2.13.4\858c6cc78e1f08a885b1613e1d817c829df70a6e\jackson-annotations-2.13.4.jar
[Architectury Transformer DEBUG]  - C:\Users\Ray\.gradle\caches\modules-2\files-2.1\com.fasterxml.jackson.core\jackson-core\2.13.4\cf934c681294b97ef6d80082faeefbe1edadf56\jackson-core-2.13.4.jar
[Architectury Transformer DEBUG]  - C:\Users\Ray\.gradle\caches\modules-2\files-2.1\com.fasterxml.jackson.core\jackson-databind\2.13.4.2\325c06bdfeb628cfb80ebaaf1a26cc1eb558a585\jackson-databind-2.13.4.2.jar
[Architectury Transformer DEBUG]  - C:\Users\Ray\.gradle\caches\modules-2\files-2.1\com.github.oshi\oshi-core\6.6.5\e1099981fd15dc4236c4499d82aba1276fb43a9a\oshi-core-6.6.5.jar
[Architectury Transformer DEBUG]  - C:\Users\Ray\.gradle\caches\modules-2\files-2.1\com.github.stephenc.jcip\jcip-annotations\1.0-1\ef31541dd28ae2cefdd17c7ebf352d93e9058c63\jcip-annotations-1.0-1.jar
[Architectury Transformer DEBUG]  - C:\Users\Ray\.gradle\caches\modules-2\files-2.1\com.google.code.gson\gson\2.11.0\527175ca6d81050b53bdd4c457a6d6e017626b0e\gson-2.11.0.jar
[Architectury Transformer DEBUG]  - C:\Users\Ray\.gradle\caches\modules-2\files-2.1\com.google.guava\failureaccess\1.0.2\c4a06a64e650562f30b7bf9aaec1bfed43aca12b\failureaccess-1.0.2.jar
[Architectury Transformer DEBUG]  - C:\Users\Ray\.gradle\caches\modules-2\files-2.1\com.google.guava\guava\33.3.1-jre\852f8b363da0111e819460021ca693cacca3e8db\guava-33.3.1-jre.jar
[Architectury Transformer DEBUG]  - C:\Users\Ray\.gradle\caches\modules-2\files-2.1\com.ibm.icu\icu4j\76.1\215f3a8e936d4069344bd75f2b1368fd58112894\icu4j-76.1.jar
[Architectury Transformer DEBUG]  - C:\Users\Ray\.gradle\caches\modules-2\files-2.1\com.microsoft.azure\msal4j\1.17.2\a6211e3d71d0388929babaa0ff0951b30d001852\msal4j-1.17.2.jar
[Architectury Transformer DEBUG]  - C:\Users\Ray\.gradle\caches\modules-2\files-2.1\com.mojang\authlib\6.0.58\9261a6d53e629469fab20136b968bf5202d9c0f7\authlib-6.0.58.jar
[Architectury Transformer DEBUG]  - C:\Users\Ray\.gradle\caches\modules-2\files-2.1\com.mojang\blocklist\1.0.10\5c685c5ffa94c4cd39496c7184c1d122e515ecef\blocklist-1.0.10.jar
[Architectury Transformer DEBUG]  - C:\Users\Ray\.gradle\caches\modules-2\files-2.1\com.mojang\brigadier\1.3.10\d15b53a14cf20fdcaa98f731af5dda654452c010\brigadier-1.3.10.jar
[Architectury Transformer DEBUG]  - C:\Users\Ray\.gradle\caches\modules-2\files-2.1\com.mojang\datafixerupper\8.0.16\67d4de6d7f95d89bcf5862995fb854ebaec02a34\datafixerupper-8.0.16.jar
[Architectury Transformer DEBUG]  - C:\Users\Ray\.gradle\caches\modules-2\files-2.1\com.mojang\jtracy\1.0.29\6f07dcb6a2e595c7ee2ca43b67e5d1c018ca0770\jtracy-1.0.29.jar
[Architectury Transformer DEBUG]  - C:\Users\Ray\.gradle\caches\modules-2\files-2.1\com.mojang\logging\1.5.10\9ab1202793717af9df9c1704d0a02892067001eb\logging-1.5.10.jar
[Architectury Transformer DEBUG]  - C:\Users\Ray\.gradle\caches\modules-2\files-2.1\com.mojang\patchy\2.2.10\da05971b07cbb379d002cf7eaec6a2048211fefc\patchy-2.2.10.jar
[Architectury Transformer DEBUG]  - C:\Users\Ray\.gradle\caches\modules-2\files-2.1\com.mojang\text2speech\1.18.11\e853a12cdd6ba4f4836e8f4bf3b37844a13482b6\text2speech-1.18.11.jar
[Architectury Transformer DEBUG]  - C:\Users\Ray\.gradle\caches\modules-2\files-2.1\com.nimbusds\content-type\2.3\e3aa0be212d7a42839a8f3f506f5b990bcce0222\content-type-2.3.jar
[Architectury Transformer DEBUG]  - C:\Users\Ray\.gradle\caches\modules-2\files-2.1\com.nimbusds\lang-tag\1.7\97c73ecd70bc7e8eefb26c5eea84f251a63f1031\lang-tag-1.7.jar
[Architectury Transformer DEBUG]  - C:\Users\Ray\.gradle\caches\modules-2\files-2.1\com.nimbusds\nimbus-jose-jwt\9.40\42b1dfa0360e4062951b070bac52dd8d96fd7b38\nimbus-jose-jwt-9.40.jar
[Architectury Transformer DEBUG]  - C:\Users\Ray\.gradle\caches\modules-2\files-2.1\com.nimbusds\oauth2-oidc-sdk\11.18\7c7ec4f4066625ff07a711ad856fa04da1ff9de\oauth2-oidc-sdk-11.18.jar
[Architectury Transformer DEBUG]  - C:\Users\Ray\.gradle\caches\modules-2\files-2.1\commons-codec\commons-codec\1.17.1\973638b7149d333563584137ebf13a691bb60579\commons-codec-1.17.1.jar
[Architectury Transformer DEBUG]  - C:\Users\Ray\.gradle\caches\modules-2\files-2.1\commons-io\commons-io\2.17.0\ddcc8433eb019fb48fe25207c0278143f3e1d7e2\commons-io-2.17.0.jar
[Architectury Transformer DEBUG]  - C:\Users\Ray\.gradle\caches\modules-2\files-2.1\commons-logging\commons-logging\1.3.4\b9fc14968d63a8b8a8a2c1885fe3e90564239708\commons-logging-1.3.4.jar
[Architectury Transformer DEBUG]  - C:\Users\Ray\.gradle\caches\modules-2\files-2.1\io.netty\netty-buffer\4.1.118.Final\7022990af1e0d449f9d5322035899745e19735c5\netty-buffer-4.1.118.Final.jar
[Architectury Transformer DEBUG]  - C:\Users\Ray\.gradle\caches\modules-2\files-2.1\io.netty\netty-codec\4.1.118.Final\307f665c08ce57333121de4f460479fc0c3c94d4\netty-codec-4.1.118.Final.jar
[Architectury Transformer DEBUG]  - C:\Users\Ray\.gradle\caches\modules-2\files-2.1\io.netty\netty-common\4.1.118.Final\4bb0f9899146484fa89f7b9bc27389d5b8e2ecde\netty-common-4.1.118.Final.jar
[Architectury Transformer DEBUG]  - C:\Users\Ray\.gradle\caches\modules-2\files-2.1\io.netty\netty-handler\4.1.118.Final\30ebb05b6b0fb071dbfcf713017c4a767a97bb9b\netty-handler-4.1.118.Final.jar
[Architectury Transformer DEBUG]  - C:\Users\Ray\.gradle\caches\modules-2\files-2.1\io.netty\netty-resolver\4.1.118.Final\28c378c19c1779eca1104b400452627f3ebc4aea\netty-resolver-4.1.118.Final.jar
[Architectury Transformer DEBUG]  - C:\Users\Ray\.gradle\caches\modules-2\files-2.1\io.netty\netty-transport-classes-epoll\4.1.118.Final\376ce95507066f0e755d97c1c8bcd6c33f657617\netty-transport-classes-epoll-4.1.118.Final.jar
[Architectury Transformer DEBUG]  - C:\Users\Ray\.gradle\caches\modules-2\files-2.1\io.netty\netty-transport-native-unix-common\4.1.118.Final\9da25a94e6a0edac90da0bc7894e5a54efcb866b\netty-transport-native-unix-common-4.1.118.Final.jar
[Architectury Transformer DEBUG]  - C:\Users\Ray\.gradle\caches\modules-2\files-2.1\io.netty\netty-transport\4.1.118.Final\5a27232e5d08218722d94ca14f0b1b4576e7711c\netty-transport-4.1.118.Final.jar
[Architectury Transformer DEBUG]  - C:\Users\Ray\.gradle\caches\modules-2\files-2.1\it.unimi.dsi\fastutil\8.5.15\1e885b40c9563ab0d3899b871fd0b30e958705dc\fastutil-8.5.15.jar
[Architectury Transformer DEBUG]  - C:\Users\Ray\.gradle\caches\modules-2\files-2.1\net.java.dev.jna\jna-platform\5.15.0\86b502cad57d45da172b5e3231c537b042e296ef\jna-platform-5.15.0.jar
[Architectury Transformer DEBUG]  - C:\Users\Ray\.gradle\caches\modules-2\files-2.1\net.java.dev.jna\jna\5.15.0\1ee1d80ff44f08280188f7c0e740d57207841ac\jna-5.15.0.jar
[Architectury Transformer DEBUG]  - C:\Users\Ray\.gradle\caches\modules-2\files-2.1\net.minidev\accessors-smart\2.5.1\19b820261eb2e7de7d5bde11d1c06e4501dd7e5f\accessors-smart-2.5.1.jar
[Architectury Transformer DEBUG]  - C:\Users\Ray\.gradle\caches\modules-2\files-2.1\net.minidev\json-smart\2.5.1\4c11d2808d009132dfbbf947ebf37de6bf266c8e\json-smart-2.5.1.jar
[Architectury Transformer DEBUG]  - C:\Users\Ray\.gradle\caches\modules-2\files-2.1\net.sf.jopt-simple\jopt-simple\5.0.4\4fdac2fbe92dfad86aa6e9301736f6b4342a3f5c\jopt-simple-5.0.4.jar
[Architectury Transformer DEBUG]  - C:\Users\Ray\.gradle\caches\modules-2\files-2.1\org.apache.commons\commons-compress\1.27.1\a19151084758e2fbb6b41eddaa88e7b8ff4e6599\commons-compress-1.27.1.jar
[Architectury Transformer DEBUG]  - C:\Users\Ray\.gradle\caches\modules-2\files-2.1\org.apache.commons\commons-lang3\3.17.0\b17d2136f0460dcc0d2016ceefca8723bdf4ee70\commons-lang3-3.17.0.jar
[Architectury Transformer DEBUG]  - C:\Users\Ray\.gradle\caches\modules-2\files-2.1\org.apache.httpcomponents\httpclient\4.5.14\1194890e6f56ec29177673f2f12d0b8e627dec98\httpclient-4.5.14.jar
[Architectury Transformer DEBUG]  - C:\Users\Ray\.gradle\caches\modules-2\files-2.1\org.apache.httpcomponents\httpcore\4.4.16\51cf043c87253c9f58b539c9f7e44c8894223850\httpcore-4.4.16.jar
[Architectury Transformer DEBUG]  - C:\Users\Ray\.gradle\caches\modules-2\files-2.1\org.apache.logging.log4j\log4j-api\2.24.1\7ebeb12c20606373005af4232cd0ecca72613dda\log4j-api-2.24.1.jar
[Architectury Transformer DEBUG]  - C:\Users\Ray\.gradle\caches\modules-2\files-2.1\org.apache.logging.log4j\log4j-core\2.24.1\c85285146f28d8c8962384f786e2dff04172fb43\log4j-core-2.24.1.jar
[Architectury Transformer DEBUG]  - C:\Users\Ray\.gradle\caches\modules-2\files-2.1\org.apache.logging.log4j\log4j-slf4j2-impl\2.24.1\8e3ddc96464ef7f768823e7e001a52b23de8cd0a\log4j-slf4j2-impl-2.24.1.jar
[Architectury Transformer DEBUG]  - C:\Users\Ray\.gradle\caches\modules-2\files-2.1\org.jcraft\jorbis\0.0.17\8872d22b293e8f5d7d56ff92be966e6dc28ebdc6\jorbis-0.0.17.jar
[Architectury Transformer DEBUG]  - C:\Users\Ray\.gradle\caches\modules-2\files-2.1\org.joml\joml\1.10.8\fc0a71dad90a2cf41d82a76156a0e700af8e4f8d\joml-1.10.8.jar
[Architectury Transformer DEBUG]  - C:\Users\Ray\.gradle\caches\modules-2\files-2.1\org.lwjgl\lwjgl-freetype\3.3.3\a0db6c84a8becc8ca05f9dbfa985edc348a824c7\lwjgl-freetype-3.3.3.jar
[Architectury Transformer DEBUG]  - C:\Users\Ray\.gradle\caches\modules-2\files-2.1\org.lwjgl\lwjgl-glfw\3.3.3\efa1eb78c5ccd840e9f329717109b5e892d72f8e\lwjgl-glfw-3.3.3.jar
[Architectury Transformer DEBUG]  - C:\Users\Ray\.gradle\caches\modules-2\files-2.1\org.lwjgl\lwjgl-jemalloc\3.3.3\b543467b7ff3c6920539a88ee602d34098628be5\lwjgl-jemalloc-3.3.3.jar
[Architectury Transformer DEBUG]  - C:\Users\Ray\.gradle\caches\modules-2\files-2.1\org.lwjgl\lwjgl-openal\3.3.3\daada81ceb5fc0c291fbfdd4433cb8d9423577f2\lwjgl-openal-3.3.3.jar
[Architectury Transformer DEBUG]  - C:\Users\Ray\.gradle\caches\modules-2\files-2.1\org.lwjgl\lwjgl-opengl\3.3.3\2f6b0147078396a58979125a4c947664e98293a\lwjgl-opengl-3.3.3.jar
[Architectury Transformer DEBUG]  - C:\Users\Ray\.gradle\caches\modules-2\files-2.1\org.lwjgl\lwjgl-stb\3.3.3\25dd6161988d7e65f71d5065c99902402ee32746\lwjgl-stb-3.3.3.jar
[Architectury Transformer DEBUG]  - C:\Users\Ray\.gradle\caches\modules-2\files-2.1\org.lwjgl\lwjgl-tinyfd\3.3.3\82d755ca94b102e9ca77283b9e2dc46d1b15fbe5\lwjgl-tinyfd-3.3.3.jar
[Architectury Transformer DEBUG]  - C:\Users\Ray\.gradle\caches\modules-2\files-2.1\org.lwjgl\lwjgl\3.3.3\29589b5f87ed335a6c7e7ee6a5775f81f97ecb84\lwjgl-3.3.3.jar
[Architectury Transformer DEBUG]  - C:\Users\Ray\.gradle\caches\modules-2\files-2.1\org.lz4\lz4-java\1.8.0\4b986a99445e49ea5fbf5d149c4b63f6ed6c6780\lz4-java-1.8.0.jar
[Architectury Transformer DEBUG]  - C:\Users\Ray\.gradle\caches\modules-2\files-2.1\org.slf4j\slf4j-api\2.0.16\172931663a09a1fa515567af5fbef00897d3c04\slf4j-api-2.0.16.jar
[Architectury Transformer DEBUG]  - C:\Users\Ray\Documents\ModDevNew\HologramAPI\.gradle\loom-cache\minecraftMaven\net\minecraft\minecraft-merged-736b6061eb\1.21.5-loom.mappings.1_21_5.layered+hash.40359-v2\minecraft-merged-736b6061eb-1.21.5-loom.mappings.1_21_5.layered+hash.40359-v2.jar
[Architectury Transformer DEBUG]  - C:\Users\Ray\.gradle\caches\modules-2\files-2.1\io.netty\netty-transport-native-epoll\4.1.118.Final\7e6b89e3746acb7cf6f0aad993bbd058fc6d912e\netty-transport-native-epoll-4.1.118.Final-linux-x86_64.jar
[Architectury Transformer DEBUG]  - C:\Users\Ray\.gradle\caches\modules-2\files-2.1\io.netty\netty-transport-native-epoll\4.1.118.Final\82f94d0a9d837f6b6a580379373310ff7288c0f8\netty-transport-native-epoll-4.1.118.Final-linux-aarch_64.jar
[Architectury Transformer DEBUG]  - C:\Users\Ray\Documents\ModDevNew\HologramAPI\.gradle\loom-cache\remapped_mods\remapped\net\fabricmc\fabric-api\fabric-api-5545c37c\0.128.2+1.21.5\fabric-api-5545c37c-0.128.2+1.21.5.jar
[Architectury Transformer DEBUG]  - C:\Users\Ray\Documents\ModDevNew\HologramAPI\.gradle\loom-cache\remapped_mods\remapped\net\fabricmc\fabric-api\fabric-transfer-api-v1-5545c37c\5.4.24+7b20cbb049\fabric-transfer-api-v1-5545c37c-5.4.24+7b20cbb049.jar
[Architectury Transformer DEBUG]  - C:\Users\Ray\Documents\ModDevNew\HologramAPI\.gradle\loom-cache\remapped_mods\remapped\net\fabricmc\fabric-api\fabric-api-lookup-api-v1-5545c37c\1.6.96+86c3a9f149\fabric-api-lookup-api-v1-5545c37c-1.6.96+86c3a9f149.jar
[Architectury Transformer DEBUG]  - C:\Users\Ray\Documents\ModDevNew\HologramAPI\.gradle\loom-cache\remapped_mods\remapped\net\fabricmc\fabric-api\fabric-blockrenderlayer-v1-5545c37c\2.0.16+86c3a9f149\fabric-blockrenderlayer-v1-5545c37c-2.0.16+86c3a9f149.jar
[Architectury Transformer DEBUG]  - C:\Users\Ray\Documents\ModDevNew\HologramAPI\.gradle\loom-cache\remapped_mods\remapped\net\fabricmc\fabric-api\fabric-client-tags-api-v1-5545c37c\1.1.37+86c3a9f149\fabric-client-tags-api-v1-5545c37c-1.1.37+86c3a9f149.jar
[Architectury Transformer DEBUG]  - C:\Users\Ray\Documents\ModDevNew\HologramAPI\.gradle\loom-cache\remapped_mods\remapped\net\fabricmc\fabric-api\fabric-command-api-v1-5545c37c\1.2.70+f71b366f49\fabric-command-api-v1-5545c37c-1.2.70+f71b366f49.jar
[Architectury Transformer DEBUG]  - C:\Users\Ray\Documents\ModDevNew\HologramAPI\.gradle\loom-cache\remapped_mods\remapped\net\fabricmc\fabric-api\fabric-commands-v0-5545c37c\0.2.87+df3654b349\fabric-commands-v0-5545c37c-0.2.87+df3654b349.jar
[Architectury Transformer DEBUG]  - C:\Users\Ray\Documents\ModDevNew\HologramAPI\.gradle\loom-cache\remapped_mods\remapped\net\fabricmc\fabric-api\fabric-command-api-v2-5545c37c\2.2.49+73a52b4b49\fabric-command-api-v2-5545c37c-2.2.49+73a52b4b49.jar
[Architectury Transformer DEBUG]  - C:\Users\Ray\Documents\ModDevNew\HologramAPI\.gradle\loom-cache\remapped_mods\remapped\net\fabricmc\fabric-api\fabric-content-registries-v0-5545c37c\10.0.14+3e6c1f7d49\fabric-content-registries-v0-5545c37c-10.0.14+3e6c1f7d49.jar
[Architectury Transformer DEBUG]  - C:\Users\Ray\Documents\ModDevNew\HologramAPI\.gradle\loom-cache\remapped_mods\remapped\net\fabricmc\fabric-api\fabric-data-generation-api-v1-5545c37c\22.5.2+a0fab30c49\fabric-data-generation-api-v1-5545c37c-22.5.2+a0fab30c49.jar
[Architectury Transformer DEBUG]  - C:\Users\Ray\Documents\ModDevNew\HologramAPI\.gradle\loom-cache\remapped_mods\remapped\net\fabricmc\fabric-api\fabric-convention-tags-v1-5545c37c\2.1.33+7f945d5b49\fabric-convention-tags-v1-5545c37c-2.1.33+7f945d5b49.jar
[Architectury Transformer DEBUG]  - C:\Users\Ray\Documents\ModDevNew\HologramAPI\.gradle\loom-cache\remapped_mods\remapped\net\fabricmc\fabric-api\fabric-convention-tags-v2-5545c37c\2.15.2+6d9989f349\fabric-convention-tags-v2-5545c37c-2.15.2+6d9989f349.jar
[Architectury Transformer DEBUG]  - C:\Users\Ray\Documents\ModDevNew\HologramAPI\.gradle\loom-cache\remapped_mods\remapped\net\fabricmc\fabric-api\fabric-data-attachment-api-v1-5545c37c\1.8.5+6d9989f349\fabric-data-attachment-api-v1-5545c37c-1.8.5+6d9989f349.jar
[Architectury Transformer DEBUG]  - C:\Users\Ray\Documents\ModDevNew\HologramAPI\.gradle\loom-cache\remapped_mods\remapped\net\fabricmc\fabric-api\fabric-entity-events-v1-5545c37c\2.1.0+3ce7866349\fabric-entity-events-v1-5545c37c-2.1.0+3ce7866349.jar
[Architectury Transformer DEBUG]  - C:\Users\Ray\Documents\ModDevNew\HologramAPI\.gradle\loom-cache\remapped_mods\remapped\net\fabricmc\fabric-api\fabric-events-interaction-v0-5545c37c\4.0.15+64e3057949\fabric-events-interaction-v0-5545c37c-4.0.15+64e3057949.jar
[Architectury Transformer DEBUG]  - C:\Users\Ray\Documents\ModDevNew\HologramAPI\.gradle\loom-cache\remapped_mods\remapped\net\fabricmc\fabric-api\fabric-gametest-api-v1-5545c37c\3.1.3+2a6ec84b49\fabric-gametest-api-v1-5545c37c-3.1.3+2a6ec84b49.jar
[Architectury Transformer DEBUG]  - C:\Users\Ray\Documents\ModDevNew\HologramAPI\.gradle\loom-cache\remapped_mods\remapped\net\fabricmc\fabric-api\fabric-item-api-v1-5545c37c\11.5.0+0620fe4749\fabric-item-api-v1-5545c37c-11.5.0+0620fe4749.jar
[Architectury Transformer DEBUG]  - C:\Users\Ray\Documents\ModDevNew\HologramAPI\.gradle\loom-cache\remapped_mods\remapped\net\fabricmc\fabric-api\fabric-item-group-api-v1-5545c37c\4.2.9+3459fc6149\fabric-item-group-api-v1-5545c37c-4.2.9+3459fc6149.jar
[Architectury Transformer DEBUG]  - C:\Users\Ray\Documents\ModDevNew\HologramAPI\.gradle\loom-cache\remapped_mods\remapped\net\fabricmc\fabric-api\fabric-lifecycle-events-v1-5545c37c\2.6.0+230071a049\fabric-lifecycle-events-v1-5545c37c-2.6.0+230071a049.jar
[Architectury Transformer DEBUG]  - C:\Users\Ray\Documents\ModDevNew\HologramAPI\.gradle\loom-cache\remapped_mods\remapped\net\fabricmc\fabric-api\fabric-loot-api-v2-5545c37c\3.0.48+3f89f5a549\fabric-loot-api-v2-5545c37c-3.0.48+3f89f5a549.jar
[Architectury Transformer DEBUG]  - C:\Users\Ray\Documents\ModDevNew\HologramAPI\.gradle\loom-cache\remapped_mods\remapped\net\fabricmc\fabric-api\fabric-loot-api-v3-5545c37c\1.0.36+86c3a9f149\fabric-loot-api-v3-5545c37c-1.0.36+86c3a9f149.jar
[Architectury Transformer DEBUG]  - C:\Users\Ray\Documents\ModDevNew\HologramAPI\.gradle\loom-cache\remapped_mods\remapped\net\fabricmc\fabric-api\fabric-message-api-v1-5545c37c\6.1.0+fe971bba49\fabric-message-api-v1-5545c37c-6.1.0+fe971bba49.jar
[Architectury Transformer DEBUG]  - C:\Users\Ray\Documents\ModDevNew\HologramAPI\.gradle\loom-cache\remapped_mods\remapped\net\fabricmc\fabric-api\fabric-model-loading-api-v1-5545c37c\5.2.3+5281b90749\fabric-model-loading-api-v1-5545c37c-5.2.3+5281b90749.jar
[Architectury Transformer DEBUG]  - C:\Users\Ray\Documents\ModDevNew\HologramAPI\.gradle\loom-cache\remapped_mods\remapped\net\fabricmc\fabric-api\fabric-particles-v1-5545c37c\4.1.2+112e550e49\fabric-particles-v1-5545c37c-4.1.2+112e550e49.jar
[Architectury Transformer DEBUG]  - C:\Users\Ray\Documents\ModDevNew\HologramAPI\.gradle\loom-cache\remapped_mods\remapped\net\fabricmc\fabric-api\fabric-recipe-api-v1-5545c37c\8.1.8+3235ab3249\fabric-recipe-api-v1-5545c37c-8.1.8+3235ab3249.jar
[Architectury Transformer DEBUG]  - C:\Users\Ray\Documents\ModDevNew\HologramAPI\.gradle\loom-cache\remapped_mods\remapped\net\fabricmc\fabric-api\fabric-object-builder-api-v1-5545c37c\21.1.2+b8d6ba7049\fabric-object-builder-api-v1-5545c37c-21.1.2+b8d6ba7049.jar
[Architectury Transformer DEBUG]  - C:\Users\Ray\Documents\ModDevNew\HologramAPI\.gradle\loom-cache\remapped_mods\remapped\net\fabricmc\fabric-api\fabric-screen-handler-api-v1-5545c37c\1.3.129+c327076a49\fabric-screen-handler-api-v1-5545c37c-1.3.129+c327076a49.jar
[Architectury Transformer DEBUG]  - C:\Users\Ray\Documents\ModDevNew\HologramAPI\.gradle\loom-cache\remapped_mods\remapped\net\fabricmc\fabric-api\fabric-registry-sync-v0-5545c37c\6.1.22+cd64004349\fabric-registry-sync-v0-5545c37c-6.1.22+cd64004349.jar
[Architectury Transformer DEBUG]  - C:\Users\Ray\Documents\ModDevNew\HologramAPI\.gradle\loom-cache\remapped_mods\remapped\net\fabricmc\fabric-api\fabric-networking-api-v1-5545c37c\4.5.0+775be32c49\fabric-networking-api-v1-5545c37c-4.5.0+775be32c49.jar
[Architectury Transformer DEBUG]  - C:\Users\Ray\Documents\ModDevNew\HologramAPI\.gradle\loom-cache\remapped_mods\remapped\net\fabricmc\fabric-api\fabric-renderer-indigo-5545c37c\3.1.2+5281b90749\fabric-renderer-indigo-5545c37c-3.1.2+5281b90749.jar
[Architectury Transformer DEBUG]  - C:\Users\Ray\Documents\ModDevNew\HologramAPI\.gradle\loom-cache\remapped_mods\remapped\net\fabricmc\fabric-api\fabric-renderer-api-v1-5545c37c\6.1.2+bdf4842249\fabric-renderer-api-v1-5545c37c-6.1.2+bdf4842249.jar
[Architectury Transformer DEBUG]  - C:\Users\Ray\Documents\ModDevNew\HologramAPI\.gradle\loom-cache\remapped_mods\remapped\net\fabricmc\fabric-api\fabric-rendering-fluids-v1-5545c37c\3.1.27+86c3a9f149\fabric-rendering-fluids-v1-5545c37c-3.1.27+86c3a9f149.jar
[Architectury Transformer DEBUG]  - C:\Users\Ray\Documents\ModDevNew\HologramAPI\.gradle\loom-cache\remapped_mods\remapped\net\fabricmc\fabric-api\fabric-rendering-v1-5545c37c\11.3.0+a272b33849\fabric-rendering-v1-5545c37c-11.3.0+a272b33849.jar
[Architectury Transformer DEBUG]  - C:\Users\Ray\Documents\ModDevNew\HologramAPI\.gradle\loom-cache\remapped_mods\remapped\net\fabricmc\fabric-api\fabric-tag-api-v1-5545c37c\1.0.17+ecf51cdc49\fabric-tag-api-v1-5545c37c-1.0.17+ecf51cdc49.jar
[Architectury Transformer DEBUG]  - C:\Users\Ray\Documents\ModDevNew\HologramAPI\.gradle\loom-cache\remapped_mods\remapped\net\fabricmc\fabric-api\fabric-resource-loader-v0-5545c37c\3.1.7+847e5f5c49\fabric-resource-loader-v0-5545c37c-3.1.7+847e5f5c49.jar
[Architectury Transformer DEBUG]  - C:\Users\Ray\Documents\ModDevNew\HologramAPI\.gradle\loom-cache\remapped_mods\remapped\net\fabricmc\fabric-api\fabric-screen-api-v1-5545c37c\2.0.46+86c3a9f149\fabric-screen-api-v1-5545c37c-2.0.46+86c3a9f149.jar
[Architectury Transformer DEBUG]  - C:\Users\Ray\Documents\ModDevNew\HologramAPI\.gradle\loom-cache\remapped_mods\remapped\net\fabricmc\fabric-api\fabric-api-base-5545c37c\0.4.62+73a52b4b49\fabric-api-base-5545c37c-0.4.62+73a52b4b49.jar
[Architectury Transformer DEBUG]  - C:\Users\Ray\Documents\ModDevNew\HologramAPI\.gradle\loom-cache\remapped_mods\remapped\net\fabricmc\fabric-api\fabric-biome-api-v1-5545c37c\16.0.7+2dd063df49\fabric-biome-api-v1-5545c37c-16.0.7+2dd063df49.jar
[Architectury Transformer DEBUG]  - C:\Users\Ray\Documents\ModDevNew\HologramAPI\.gradle\loom-cache\remapped_mods\remapped\net\fabricmc\fabric-api\fabric-block-api-v1-5545c37c\1.1.0+ed91556f49\fabric-block-api-v1-5545c37c-1.1.0+ed91556f49.jar
[Architectury Transformer DEBUG]  - C:\Users\Ray\Documents\ModDevNew\HologramAPI\.gradle\loom-cache\remapped_mods\remapped\net\fabricmc\fabric-api\fabric-rendering-data-attachment-v1-5545c37c\0.3.64+73761d2e49\fabric-rendering-data-attachment-v1-5545c37c-0.3.64+73761d2e49.jar
[Architectury Transformer DEBUG]  - C:\Users\Ray\Documents\ModDevNew\HologramAPI\.gradle\loom-cache\remapped_mods\remapped\net\fabricmc\fabric-api\fabric-block-view-api-v2-5545c37c\1.0.26+aa6d566c49\fabric-block-view-api-v2-5545c37c-1.0.26+aa6d566c49.jar
[Architectury Transformer DEBUG]  - C:\Users\Ray\Documents\ModDevNew\HologramAPI\.gradle\loom-cache\remapped_mods\remapped\net\fabricmc\fabric-api\fabric-client-gametest-api-v1-5545c37c\4.2.0+dac2d6e349\fabric-client-gametest-api-v1-5545c37c-4.2.0+dac2d6e349.jar
[Architectury Transformer DEBUG]  - C:\Users\Ray\Documents\ModDevNew\HologramAPI\.gradle\loom-cache\remapped_mods\remapped\net\fabricmc\fabric-api\fabric-crash-report-info-v1-5545c37c\0.3.12+86c3a9f149\fabric-crash-report-info-v1-5545c37c-0.3.12+86c3a9f149.jar
[Architectury Transformer DEBUG]  - C:\Users\Ray\Documents\ModDevNew\HologramAPI\.gradle\loom-cache\remapped_mods\remapped\net\fabricmc\fabric-api\fabric-dimensions-v1-5545c37c\4.0.17+3e6c1f7d49\fabric-dimensions-v1-5545c37c-4.0.17+3e6c1f7d49.jar
[Architectury Transformer DEBUG]  - C:\Users\Ray\Documents\ModDevNew\HologramAPI\.gradle\loom-cache\remapped_mods\remapped\net\fabricmc\fabric-api\fabric-game-rule-api-v1-5545c37c\1.0.70+c327076a49\fabric-game-rule-api-v1-5545c37c-1.0.70+c327076a49.jar
[Architectury Transformer DEBUG]  - C:\Users\Ray\Documents\ModDevNew\HologramAPI\.gradle\loom-cache\remapped_mods\remapped\net\fabricmc\fabric-api\fabric-keybindings-v0-5545c37c\0.2.61+df3654b349\fabric-keybindings-v0-5545c37c-0.2.61+df3654b349.jar
[Architectury Transformer DEBUG]  - C:\Users\Ray\Documents\ModDevNew\HologramAPI\.gradle\loom-cache\remapped_mods\remapped\net\fabricmc\fabric-api\fabric-key-binding-api-v1-5545c37c\1.0.63+ecf51cdc49\fabric-key-binding-api-v1-5545c37c-1.0.63+ecf51cdc49.jar
[Architectury Transformer DEBUG]  - C:\Users\Ray\Documents\ModDevNew\HologramAPI\.gradle\loom-cache\remapped_mods\remapped\net\fabricmc\fabric-api\fabric-resource-conditions-api-v1-5545c37c\5.0.21+73a52b4b49\fabric-resource-conditions-api-v1-5545c37c-5.0.21+73a52b4b49.jar
[Architectury Transformer DEBUG]  - C:\Users\Ray\Documents\ModDevNew\HologramAPI\.gradle\loom-cache\remapped_mods\remapped\net\fabricmc\fabric-api\fabric-sound-api-v1-5545c37c\1.0.38+86c3a9f149\fabric-sound-api-v1-5545c37c-1.0.38+86c3a9f149.jar
[Architectury Transformer DEBUG]  - C:\Users\Ray\Documents\ModDevNew\HologramAPI\.gradle\loom-cache\remapped_mods\remapped\net\fabricmc\fabric-api\fabric-transitive-access-wideners-v1-5545c37c\6.3.17+f17a180c49\fabric-transitive-access-wideners-v1-5545c37c-6.3.17+f17a180c49.jar
[Architectury Transformer] Read classpath in 1.411 s
[Architectury Transformer DEBUG] Closed File Systems for C:\Users\Ray\Documents\ModDevNew\HologramAPI\common\build\devlibs\hologram_api-common-1.1.0-dev.jar
[Architectury Transformer DEBUG] Transforming 5 transformer(s) from C:\Users\Ray\Documents\ModDevNew\HologramAPI\common\build\devlibs\hologram_api-common-1.1.0-dev.jar to C:\Users\Ray\AppData\Local\Temp\4435083118801447408.jar: 
[Architectury Transformer DEBUG]  - dev.architectury.transformer.transformers.RuntimeMixinRefmapDetector@6950e31
[Architectury Transformer DEBUG]  - dev.architectury.transformer.transformers.GenerateFakeFabricMod@b7dd107
[Architectury Transformer DEBUG]  - dev.architectury.transformer.transformers.TransformExpectPlatform@42eca56e
[Architectury Transformer DEBUG]  - dev.architectury.transformer.transformers.RemapInjectables@52f759d7
[Architectury Transformer DEBUG]  - dev.architectury.transformer.transformers.TransformPlatformOnly@7cbd213e
[Architectury Transformer DEBUG] Transforming from C:\Users\Ray\Documents\ModDevNew\HologramAPI\common\build\devlibs\hologram_api-common-1.1.0-dev.jar to C:\Users\Ray\AppData\Local\Temp\4435083118801447408.jar with 5 transformer(s) on dev.architectury.transformer.handler.SimpleTransformerHandler
[Architectury Transformer DEBUG] Found class transformer
[Architectury Transformer DEBUG] Writing net/ray/HologramAPI/ComponentUtils with maxs=true frames=true
[Architectury Transformer DEBUG] Writing net/ray/HologramAPI/Hologram$BillboardMode with maxs=true frames=true
[Architectury Transformer DEBUG] Writing net/ray/HologramAPI/Hologram$TextAlignment with maxs=true frames=true
[Architectury Transformer DEBUG] Writing net/ray/HologramAPI/Hologram with maxs=true frames=true
[Architectury Transformer DEBUG] Writing net/ray/HologramAPI/HologramAPI with maxs=true frames=true
[Architectury Transformer DEBUG] Writing net/ray/HologramAPI/HologramRenderer$1 with maxs=true frames=true
[Architectury Transformer DEBUG] Writing net/ray/HologramAPI/HologramRenderer$HologramManager with maxs=true frames=true
[Architectury Transformer DEBUG] Writing net/ray/HologramAPI/HologramRenderer with maxs=true frames=true
[Architectury Transformer DEBUG] Checking whether /hologram_api.mixins.json is a mixin config.
[Architectury Transformer DEBUG] Closed File Systems for C:\Users\Ray\AppData\Local\Temp\4435083118801447408.jar
[Architectury Transformer] Listening at C:\Users\Ray\Documents\ModDevNew\HologramAPI\common\build\devlibs\hologram_api-common-1.1.0-dev.jar
[Architectury Transformer DEBUG] Temporary jar [C:\Users\Ray\AppData\Local\Temp\4435083118801447408.jar] contains packages: net.ray.HologramAPI
[Architectury Transformer DEBUG] Closed File Systems for C:\Users\Ray\Documents\ModDevNew\HologramAPI\common\build\devlibs\hologram_api-common-1.1.0-dev.jar
[Architectury Transformer DEBUG] Classpath entry [C:\Users\Ray\Documents\ModDevNew\HologramAPI\fabric\build\resources\main] contains packages: 
[Architectury Transformer DEBUG] Transforming from net/ray/HologramAPI/HologramAPI.class to net/ray/HologramAPI/HologramAPI.class with 5 transformer(s) on dev.architectury.transformer.handler.TinyRemapperPreparedTransformerHandler
[Architectury Transformer DEBUG] Found class transformer
[Architectury Transformer DEBUG] Writing net/ray/HologramAPI/HologramAPI with maxs=true frames=true
[Architectury Transformer DEBUG] Transformed net/ray/HologramAPI/HologramAPI in 4.623 ms
[Architectury Transformer DEBUG] Transforming from net/ray/HologramAPI/HologramRenderer$HologramManager.class to net/ray/HologramAPI/HologramRenderer$HologramManager.class with 5 transformer(s) on dev.architectury.transformer.handler.TinyRemapperPreparedTransformerHandler
[Architectury Transformer DEBUG] Found class transformer
[Architectury Transformer DEBUG] Writing net/ray/HologramAPI/HologramRenderer$HologramManager with maxs=true frames=true
[Architectury Transformer DEBUG] Transformed net/ray/HologramAPI/HologramRenderer$HologramManager in 3.292 ms
[Architectury Transformer DEBUG] Transforming from net/ray/HologramAPI/HologramRenderer.class to net/ray/HologramAPI/HologramRenderer.class with 5 transformer(s) on dev.architectury.transformer.handler.TinyRemapperPreparedTransformerHandler
[Architectury Transformer DEBUG] Found class transformer
[Architectury Transformer DEBUG] Writing net/ray/HologramAPI/HologramRenderer with maxs=true frames=true
[Architectury Transformer DEBUG] Transformed net/ray/HologramAPI/HologramRenderer in 3.081 ms
[Architectury Transformer DEBUG] Transforming from net/ray/HologramAPI/ComponentUtils.class to net/ray/HologramAPI/ComponentUtils.class with 5 transformer(s) on dev.architectury.transformer.handler.TinyRemapperPreparedTransformerHandler
[Architectury Transformer DEBUG] Found class transformer
[Architectury Transformer DEBUG] Writing net/ray/HologramAPI/ComponentUtils with maxs=true frames=true
[Architectury Transformer DEBUG] Transformed net/ray/HologramAPI/ComponentUtils in 1.161 ms
[Architectury Transformer DEBUG] Transforming from net/ray/HologramAPI/Hologram.class to net/ray/HologramAPI/Hologram.class with 5 transformer(s) on dev.architectury.transformer.handler.TinyRemapperPreparedTransformerHandler
[Architectury Transformer DEBUG] Found class transformer
[Architectury Transformer DEBUG] Writing net/ray/HologramAPI/Hologram with maxs=true frames=true
[Architectury Transformer DEBUG] Transformed net/ray/HologramAPI/Hologram in 1.020 ms
[Architectury Transformer DEBUG] Transforming from net/ray/HologramAPI/Hologram$BillboardMode.class to net/ray/HologramAPI/Hologram$BillboardMode.class with 5 transformer(s) on dev.architectury.transformer.handler.TinyRemapperPreparedTransformerHandler
[Architectury Transformer DEBUG] Found class transformer
[Architectury Transformer DEBUG] Writing net/ray/HologramAPI/Hologram$BillboardMode with maxs=true frames=true
[Architectury Transformer DEBUG] Transformed net/ray/HologramAPI/Hologram$BillboardMode in 466.8 μs
[Architectury Transformer DEBUG] Transforming from net/ray/HologramAPI/Hologram$TextAlignment.class to net/ray/HologramAPI/Hologram$TextAlignment.class with 5 transformer(s) on dev.architectury.transformer.handler.TinyRemapperPreparedTransformerHandler
[Architectury Transformer DEBUG] Found class transformer
[Architectury Transformer DEBUG] Writing net/ray/HologramAPI/Hologram$TextAlignment with maxs=true frames=true
[Architectury Transformer DEBUG] Transformed net/ray/HologramAPI/Hologram$TextAlignment in 455.2 μs
[Architectury Transformer DEBUG] Transforming from net/ray/HologramAPI/HologramRenderer$1.class to net/ray/HologramAPI/HologramRenderer$1.class with 5 transformer(s) on dev.architectury.transformer.handler.TinyRemapperPreparedTransformerHandler
[Architectury Transformer DEBUG] Found class transformer
[Architectury Transformer DEBUG] Writing net/ray/HologramAPI/HologramRenderer$1 with maxs=true frames=true
[Architectury Transformer DEBUG] Transformed net/ray/HologramAPI/HologramRenderer$1 in 477.7 μs
